<?xml version="1.0" encoding="UTF-8"?>
<!-- Generated by org.testng.reporters.JUnitReportReporter -->
<testsuite hostname="DESKTOP-5T2D3A8" failures="0" tests="1" name="com.capstoneproject.tests.AddToCartTest" time="9.232" errors="0" timestamp="2023-12-08T23:31:35 IST" skipped="0">
  <testcase classname="com.capstoneproject.tests.AddToCartTest" name="testAddToCart" time="9.232"/>
  <system-out/>
</testsuite> <!-- com.capstoneproject.tests.AddToCartTest -->
